c:\users\nhkim\desktop\teamproject\framework\engine\resources\default\release\vc140.pdb
c:\users\nhkim\desktop\teamproject\framework\engine\resources\default\release\vibuffer.obj
c:\users\nhkim\desktop\teamproject\framework\engine\resources\default\release\tricol.obj
c:\users\nhkim\desktop\teamproject\framework\engine\resources\default\release\topwalltex.obj
c:\users\nhkim\desktop\teamproject\framework\engine\resources\default\release\tiletex.obj
c:\users\nhkim\desktop\teamproject\framework\engine\resources\default\release\texture.obj
c:\users\nhkim\desktop\teamproject\framework\engine\resources\default\release\terraintex.obj
c:\users\nhkim\desktop\teamproject\framework\engine\resources\default\release\rightwalltex.obj
c:\users\nhkim\desktop\teamproject\framework\engine\resources\default\release\resourcesmgr.obj
c:\users\nhkim\desktop\teamproject\framework\engine\resources\default\release\resources.obj
c:\users\nhkim\desktop\teamproject\framework\engine\resources\default\release\rctex.obj
c:\users\nhkim\desktop\teamproject\framework\engine\resources\default\release\rccol.obj
c:\users\nhkim\desktop\teamproject\framework\engine\resources\default\release\rcalphatex.obj
c:\users\nhkim\desktop\teamproject\framework\engine\resources\default\release\leftwalltex.obj
c:\users\nhkim\desktop\teamproject\framework\engine\resources\default\release\cubetex.obj
c:\users\nhkim\desktop\teamproject\framework\engine\resources\default\release\ceilingwalltex.obj
c:\users\nhkim\desktop\teamproject\framework\engine\resources\default\release\bottomwalltex.obj
c:\users\nhkim\desktop\teamproject\framework\engine\resources\bin\resources.dll
c:\users\nhkim\desktop\teamproject\framework\engine\resources\bin\resources.ipdb
c:\users\nhkim\desktop\teamproject\framework\engine\resources\bin\resources.iobj
c:\users\nhkim\desktop\teamproject\framework\engine\resources\bin\resources.pdb
c:\users\nhkim\desktop\teamproject\framework\engine\resources\bin\resources.lib
c:\users\nhkim\desktop\teamproject\framework\engine\resources\bin\resources.exp
c:\users\nhkim\desktop\gitclone\new\teamproject\framework\engine\resources\default\release\bottomwalltex.obj
c:\users\nhkim\desktop\gitclone\new\teamproject\framework\engine\resources\default\release\ceilingwalltex.obj
c:\users\nhkim\desktop\gitclone\new\teamproject\framework\engine\resources\default\release\cubetex.obj
c:\users\nhkim\desktop\gitclone\new\teamproject\framework\engine\resources\default\release\leftwalltex.obj
c:\users\nhkim\desktop\gitclone\new\teamproject\framework\engine\resources\default\release\rcalphatex.obj
c:\users\nhkim\desktop\gitclone\new\teamproject\framework\engine\resources\default\release\rccol.obj
c:\users\nhkim\desktop\gitclone\new\teamproject\framework\engine\resources\default\release\rctex.obj
c:\users\nhkim\desktop\gitclone\new\teamproject\framework\engine\resources\default\release\resources.obj
c:\users\nhkim\desktop\gitclone\new\teamproject\framework\engine\resources\default\release\resourcesmgr.obj
c:\users\nhkim\desktop\gitclone\new\teamproject\framework\engine\resources\default\release\rightwalltex.obj
c:\users\nhkim\desktop\gitclone\new\teamproject\framework\engine\resources\default\release\terraintex.obj
c:\users\nhkim\desktop\gitclone\new\teamproject\framework\engine\resources\default\release\texture.obj
c:\users\nhkim\desktop\gitclone\new\teamproject\framework\engine\resources\default\release\tiletex.obj
c:\users\nhkim\desktop\gitclone\new\teamproject\framework\engine\resources\default\release\topwalltex.obj
c:\users\nhkim\desktop\gitclone\new\teamproject\framework\engine\resources\default\release\tricol.obj
c:\users\nhkim\desktop\gitclone\new\teamproject\framework\engine\resources\default\release\vibuffer.obj
c:\users\nhkim\desktop\gitclone\new\teamproject\framework\engine\resources\default\release\vc140.pdb
c:\users\nhkim\desktop\gitclone\new\teamproject\framework\engine\resources\default\../bin/resources.dll
c:\users\nhkim\desktop\gitclone\new\teamproject\framework\engine\resources\default\release\resources.tlog\cl.command.1.tlog
c:\users\nhkim\desktop\gitclone\new\teamproject\framework\engine\resources\default\release\resources.tlog\cl.read.1.tlog
c:\users\nhkim\desktop\gitclone\new\teamproject\framework\engine\resources\default\release\resources.tlog\cl.write.1.tlog
c:\users\nhkim\desktop\gitclone\new\teamproject\framework\engine\resources\default\release\resources.tlog\link.command.1.tlog
c:\users\nhkim\desktop\gitclone\new\teamproject\framework\engine\resources\default\release\resources.tlog\link.read.1.tlog
c:\users\nhkim\desktop\gitclone\new\teamproject\framework\engine\resources\default\release\resources.tlog\link.write.1.tlog
c:\users\nhkim\desktop\gitclone\new\teamproject\framework\engine\resources\default\release\resources.tlog\resources.write.1u.tlog
