  VIBuffer.cpp
d:\teamproject\framework\engine\resources\code\resources.h(4): fatal error C1083: Cannot open include file: 'Engine_Defines.h': No such file or directory
  TriCol.cpp
d:\teamproject\framework\engine\resources\code\resources.h(4): fatal error C1083: Cannot open include file: 'Engine_Defines.h': No such file or directory
  TileTex.cpp
d:\teamproject\framework\engine\resources\code\resources.h(4): fatal error C1083: Cannot open include file: 'Engine_Defines.h': No such file or directory
  Texture.cpp
d:\teamproject\framework\engine\resources\code\resources.h(4): fatal error C1083: Cannot open include file: 'Engine_Defines.h': No such file or directory
  TerrainTex.cpp
d:\teamproject\framework\engine\resources\code\resources.h(4): fatal error C1083: Cannot open include file: 'Engine_Defines.h': No such file or directory
  ResourcesMgr.cpp
d:\teamproject\framework\engine\resources\code\resources.h(4): fatal error C1083: Cannot open include file: 'Engine_Defines.h': No such file or directory
  Resources.cpp
d:\teamproject\framework\engine\resources\code\resources.h(4): fatal error C1083: Cannot open include file: 'Engine_Defines.h': No such file or directory
  RcTex.cpp
d:\teamproject\framework\engine\resources\code\resources.h(4): fatal error C1083: Cannot open include file: 'Engine_Defines.h': No such file or directory
  RcCol.cpp
d:\teamproject\framework\engine\resources\code\resources.h(4): fatal error C1083: Cannot open include file: 'Engine_Defines.h': No such file or directory
  CubeTex.cpp
d:\teamproject\framework\engine\resources\code\resources.h(4): fatal error C1083: Cannot open include file: 'Engine_Defines.h': No such file or directory
  Generating Code...
