c:\users\nhkim\desktop\gitclone\teamproject\framework\engine\system\default\debug\vc140.pdb
c:\users\nhkim\desktop\gitclone\teamproject\framework\engine\system\default\debug\vc140.idb
c:\users\nhkim\desktop\gitclone\teamproject\framework\engine\system\default\debug\font.obj
c:\users\nhkim\desktop\gitclone\teamproject\framework\engine\system\default\debug\fontmgr.obj
c:\users\nhkim\desktop\gitclone\teamproject\framework\engine\system\default\debug\frame.obj
c:\users\nhkim\desktop\gitclone\teamproject\framework\engine\system\default\debug\framemgr.obj
c:\users\nhkim\desktop\gitclone\teamproject\framework\engine\system\default\debug\graphicdev.obj
c:\users\nhkim\desktop\gitclone\teamproject\framework\engine\system\default\debug\inputdev.obj
c:\users\nhkim\desktop\gitclone\teamproject\framework\engine\system\default\debug\timer.obj
c:\users\nhkim\desktop\gitclone\teamproject\framework\engine\system\default\debug\timermgr.obj
d:\teamproject\framework\engine\system\bin\system.ilk
d:\teamproject\framework\engine\system\bin\system.dll
d:\teamproject\framework\engine\system\bin\system.pdb
c:\users\nhkim\desktop\gitclone\teamproject\framework\engine\system\bin\system.lib
c:\users\nhkim\desktop\gitclone\teamproject\framework\engine\system\bin\system.exp
c:\users\nhkim\desktop\gitclone\teamproject\framework\engine\system\default\../bin/system.dll
c:\users\nhkim\desktop\gitclone\teamproject\framework\engine\system\default\debug\system.tlog\cl.command.1.tlog
c:\users\nhkim\desktop\gitclone\teamproject\framework\engine\system\default\debug\system.tlog\cl.read.1.tlog
c:\users\nhkim\desktop\gitclone\teamproject\framework\engine\system\default\debug\system.tlog\cl.write.1.tlog
c:\users\nhkim\desktop\gitclone\teamproject\framework\engine\system\default\debug\system.tlog\link.command.1.tlog
c:\users\nhkim\desktop\gitclone\teamproject\framework\engine\system\default\debug\system.tlog\link.read.1.tlog
c:\users\nhkim\desktop\gitclone\teamproject\framework\engine\system\default\debug\system.tlog\link.write.1.tlog
c:\users\nhkim\desktop\gitclone\teamproject\framework\engine\system\default\debug\system.tlog\system.write.1u.tlog
