c:\users\ems78\documents\github\new\teamproject\framework\tool\default\release\tool.pch
c:\users\ems78\documents\github\new\teamproject\framework\tool\default\release\vc140.pdb
c:\users\ems78\documents\github\new\teamproject\framework\tool\default\release\stdafx.obj
c:\users\ems78\documents\github\new\teamproject\framework\tool\default\release\wallpage.obj
c:\users\ems78\documents\github\new\teamproject\framework\tool\default\release\toolview.obj
c:\users\ems78\documents\github\new\teamproject\framework\tool\default\release\tool.obj
c:\users\ems78\documents\github\new\teamproject\framework\tool\default\release\tilepage.obj
c:\users\ems78\documents\github\new\teamproject\framework\tool\default\release\propertyformview.obj
c:\users\ems78\documents\github\new\teamproject\framework\tool\default\release\pathtool.obj
c:\users\ems78\documents\github\new\teamproject\framework\tool\default\release\mysheet.obj
c:\users\ems78\documents\github\new\teamproject\framework\tool\default\release\mainfrm.obj
c:\users\ems78\documents\github\new\teamproject\framework\tool\default\release\directorymgr.obj
c:\users\ems78\documents\github\new\teamproject\framework\tool\default\release\wall.obj
c:\users\ems78\documents\github\new\teamproject\framework\tool\default\release\tile.obj
c:\users\ems78\documents\github\new\teamproject\framework\tool\default\release\terrainguidline.obj
c:\users\ems78\documents\github\new\teamproject\framework\tool\default\release\terrain.obj
c:\users\ems78\documents\github\new\teamproject\framework\tool\default\release\dynamiccamera.obj
c:\users\ems78\documents\github\new\teamproject\framework\tool\default\release\tooldoc.obj
c:\users\ems78\documents\github\new\teamproject\framework\tool\bin\tool.exe
c:\users\ems78\documents\github\new\teamproject\framework\tool\bin\tool.pdb
c:\users\ems78\documents\github\new\teamproject\framework\tool\default\release\tool.res
c:\users\ems78\documents\github\new\teamproject\framework\tool\bin\tool.lib
c:\users\ems78\documents\github\new\teamproject\framework\tool\bin\tool.exp
c:\users\ems78\documents\github\new\teamproject\framework\tool\default\../bin\tool.exe
c:\users\ems78\documents\github\new\teamproject\framework\tool\default\release\tool.tlog\cl.command.1.tlog
c:\users\ems78\documents\github\new\teamproject\framework\tool\default\release\tool.tlog\cl.read.1.tlog
c:\users\ems78\documents\github\new\teamproject\framework\tool\default\release\tool.tlog\cl.write.1.tlog
c:\users\ems78\documents\github\new\teamproject\framework\tool\default\release\tool.tlog\link.command.1.tlog
c:\users\ems78\documents\github\new\teamproject\framework\tool\default\release\tool.tlog\link.read.1.tlog
c:\users\ems78\documents\github\new\teamproject\framework\tool\default\release\tool.tlog\link.write.1.tlog
c:\users\ems78\documents\github\new\teamproject\framework\tool\default\release\tool.tlog\rc.command.1.tlog
c:\users\ems78\documents\github\new\teamproject\framework\tool\default\release\tool.tlog\rc.read.1.tlog
c:\users\ems78\documents\github\new\teamproject\framework\tool\default\release\tool.tlog\rc.write.1.tlog
c:\users\ems78\documents\github\new\teamproject\framework\tool\default\release\tool.tlog\tool.write.1u.tlog
