  CubeTex.cpp
  코드를 생성하고 있습니다...
c:\users\ems78\documents\github\teamproject\framework\engine\resources\code\cubetex.cpp(125): warning C4715: 'Engine::CCubeTex::Ready_Buffer': 모든 제어 경로에서 값을 반환하지는 않습니다.
  컴파일하고 있습니다...
  VIBuffer.cpp
  TriCol.cpp
  TileTex.cpp
  Texture.cpp
  TerrainTex.cpp
  ResourcesMgr.cpp
  Resources.cpp
  RcTex.cpp
  RcCol.cpp
  코드를 생성하고 있습니다...
  Resources.vcxproj -> C:\Users\ems78\Documents\GitHub\TeamProject\Framework\Engine\Resources\Default\../Bin/Resources.dll
  Resources.vcxproj -> ../Bin/Resources.pdb (Full PDB)
  .\Engine\Resources\Code\CubeTex.h
  .\Engine\Resources\Code\RcCol.h
  .\Engine\Resources\Code\RcTex.h
  .\Engine\Resources\Code\Resources.h
  .\Engine\Resources\Code\ResourcesMgr.h
  .\Engine\Resources\Code\TerrainTex.h
  .\Engine\Resources\Code\Texture.h
  .\Engine\Resources\Code\TileTex.h
  .\Engine\Resources\Code\TriCol.h
  .\Engine\Resources\Code\VIBuffer.h
         10개 파일이 복사되었습니다.
          1개 파일이 복사되었습니다.
          1개 파일이 복사되었습니다.
          1개 파일이 복사되었습니다.
  .\Engine\Header\Engine_Defines.h
  .\Engine\Header\Engine_Enum.h
  .\Engine\Header\Engine_Function.h
  .\Engine\Header\Engine_Macro.h
  .\Engine\Header\Engine_Struct.h
  .\Engine\Header\Engine_Typedef.h
  .\Engine\Header\Export_Function.h
  .\Engine\Header\Export_Resources.h
  .\Engine\Header\Export_System.h
  .\Engine\Header\Export_Utility.h
         10개 파일이 복사되었습니다.
  .\Engine\Header\Export_Resources.inl
  .\Engine\Header\Export_System.inl
  .\Engine\Header\Export_Utility.inl
          3개 파일이 복사되었습니다.
