c:\users\user\onedrive\desktop\teamproject 0428\teamproject\framework\engine\resources\default\debug\vc140.pdb
c:\users\user\onedrive\desktop\teamproject 0428\teamproject\framework\engine\resources\default\debug\vc140.idb
c:\users\user\onedrive\desktop\teamproject 0428\teamproject\framework\engine\resources\default\debug\bottomwalltex.obj
c:\users\user\onedrive\desktop\teamproject 0428\teamproject\framework\engine\resources\default\debug\ceilingwalltex.obj
c:\users\user\onedrive\desktop\teamproject 0428\teamproject\framework\engine\resources\default\debug\cubetex.obj
c:\users\user\onedrive\desktop\teamproject 0428\teamproject\framework\engine\resources\default\debug\leftwalltex.obj
c:\users\user\onedrive\desktop\teamproject 0428\teamproject\framework\engine\resources\default\debug\rcalphatex.obj
c:\users\user\onedrive\desktop\teamproject 0428\teamproject\framework\engine\resources\default\debug\rccol.obj
c:\users\user\onedrive\desktop\teamproject 0428\teamproject\framework\engine\resources\default\debug\rctex.obj
c:\users\user\onedrive\desktop\teamproject 0428\teamproject\framework\engine\resources\default\debug\resources.obj
c:\users\user\onedrive\desktop\teamproject 0428\teamproject\framework\engine\resources\default\debug\resourcesmgr.obj
c:\users\user\onedrive\desktop\teamproject 0428\teamproject\framework\engine\resources\default\debug\rightwalltex.obj
c:\users\user\onedrive\desktop\teamproject 0428\teamproject\framework\engine\resources\default\debug\terraintex.obj
c:\users\user\onedrive\desktop\teamproject 0428\teamproject\framework\engine\resources\default\debug\texture.obj
c:\users\user\onedrive\desktop\teamproject 0428\teamproject\framework\engine\resources\default\debug\tiletex.obj
c:\users\user\onedrive\desktop\teamproject 0428\teamproject\framework\engine\resources\default\debug\topwalltex.obj
c:\users\user\onedrive\desktop\teamproject 0428\teamproject\framework\engine\resources\default\debug\tricol.obj
c:\users\user\onedrive\desktop\teamproject 0428\teamproject\framework\engine\resources\default\debug\vibuffer.obj
c:\users\user\onedrive\desktop\teamproject 0428\teamproject\framework\engine\resources\bin\resources.ilk
c:\users\user\onedrive\desktop\teamproject 0428\teamproject\framework\engine\resources\bin\resources.dll
c:\users\user\onedrive\desktop\teamproject 0428\teamproject\framework\engine\resources\bin\resources.pdb
c:\users\user\onedrive\desktop\teamproject 0428\teamproject\framework\engine\resources\bin\resources.lib
c:\users\user\onedrive\desktop\teamproject 0428\teamproject\framework\engine\resources\bin\resources.exp
c:\users\user\onedrive\desktop\teamproject 0428\teamproject\framework\engine\resources\default\../bin/resources.dll
c:\users\user\onedrive\desktop\teamproject 0428\teamproject\framework\engine\resources\default\debug\resources.tlog\cl.command.1.tlog
c:\users\user\onedrive\desktop\teamproject 0428\teamproject\framework\engine\resources\default\debug\resources.tlog\cl.read.1.tlog
c:\users\user\onedrive\desktop\teamproject 0428\teamproject\framework\engine\resources\default\debug\resources.tlog\cl.write.1.tlog
c:\users\user\onedrive\desktop\teamproject 0428\teamproject\framework\engine\resources\default\debug\resources.tlog\link.command.1.tlog
c:\users\user\onedrive\desktop\teamproject 0428\teamproject\framework\engine\resources\default\debug\resources.tlog\link.read.1.tlog
c:\users\user\onedrive\desktop\teamproject 0428\teamproject\framework\engine\resources\default\debug\resources.tlog\link.write.1.tlog
c:\users\user\onedrive\desktop\teamproject 0428\teamproject\framework\engine\resources\default\debug\resources.tlog\resources.write.1u.tlog
