d:\gitproject\ems789\teamproject\homework_camera\engine\utility\default\debug\vc140.pdb
d:\gitproject\ems789\teamproject\homework_camera\engine\utility\default\debug\vc140.idb
d:\gitproject\ems789\teamproject\homework_camera\engine\utility\default\debug\camera.obj
d:\gitproject\ems789\teamproject\homework_camera\engine\utility\default\debug\cameramgr.obj
d:\gitproject\ems789\teamproject\homework_camera\engine\utility\default\debug\component.obj
d:\gitproject\ems789\teamproject\homework_camera\engine\utility\default\debug\gameobject.obj
d:\gitproject\ems789\teamproject\homework_camera\engine\utility\default\debug\layer.obj
d:\gitproject\ems789\teamproject\homework_camera\engine\utility\default\debug\management.obj
d:\gitproject\ems789\teamproject\homework_camera\engine\utility\default\debug\renderer.obj
d:\gitproject\ems789\teamproject\homework_camera\engine\utility\default\debug\scene.obj
d:\gitproject\ems789\teamproject\homework_camera\engine\utility\default\debug\transform.obj
d:\gitproject\ems789\teamproject\homework_camera\engine\utility\bin\utility.ilk
d:\gitproject\ems789\teamproject\homework_camera\engine\utility\bin\utility.dll
d:\gitproject\ems789\teamproject\homework_camera\engine\utility\bin\utility.pdb
d:\gitproject\ems789\teamproject\homework_camera\engine\utility\bin\utility.lib
d:\gitproject\ems789\teamproject\homework_camera\engine\utility\bin\utility.exp
d:\gitproject\ems789\teamproject\homework_camera\engine\utility\default\../bin\utility.dll
d:\gitproject\ems789\teamproject\homework_camera\engine\utility\default\debug\utility.tlog\cl.command.1.tlog
d:\gitproject\ems789\teamproject\homework_camera\engine\utility\default\debug\utility.tlog\cl.read.1.tlog
d:\gitproject\ems789\teamproject\homework_camera\engine\utility\default\debug\utility.tlog\cl.write.1.tlog
d:\gitproject\ems789\teamproject\homework_camera\engine\utility\default\debug\utility.tlog\link.command.1.tlog
d:\gitproject\ems789\teamproject\homework_camera\engine\utility\default\debug\utility.tlog\link.read.1.tlog
d:\gitproject\ems789\teamproject\homework_camera\engine\utility\default\debug\utility.tlog\link.write.1.tlog
d:\gitproject\ems789\teamproject\homework_camera\engine\utility\default\debug\utility.tlog\utility.write.1u.tlog
