d:\teamproject\framework\client\default\release\client.pch
d:\teamproject\framework\client\default\release\vc140.pdb
d:\teamproject\framework\client\default\release\stdafx.obj
d:\teamproject\framework\client\default\release\golem.obj
d:\teamproject\framework\client\default\release\firstviewcamera.obj
d:\teamproject\framework\client\default\release\firethrow.obj
d:\teamproject\framework\client\default\release\firestomp.obj
d:\teamproject\framework\client\default\release\fireroad.obj
d:\teamproject\framework\client\default\release\firepoint.obj
d:\teamproject\framework\client\default\release\firekick.obj
d:\teamproject\framework\client\default\release\fireheel.obj
d:\teamproject\framework\client\default\release\fireeffect.obj
d:\teamproject\framework\client\default\release\fireboss.obj
d:\teamproject\framework\client\default\release\fireball.obj
d:\teamproject\framework\client\default\release\fire.obj
d:\teamproject\framework\client\default\release\cyclops.obj
d:\teamproject\framework\client\default\release\collisionfunctions.obj
d:\teamproject\framework\client\default\release\castingcircle.obj
d:\teamproject\framework\client\default\release\beameffect.obj
d:\teamproject\framework\client\default\release\basiceffect.obj
d:\teamproject\framework\client\default\release\background.obj
d:\teamproject\framework\client\default\release\alphalaideffect.obj
d:\teamproject\framework\client\default\release\uiimage.obj
d:\teamproject\framework\client\default\release\testterrain.obj
d:\teamproject\framework\client\default\release\testmonster.obj
d:\teamproject\framework\client\default\release\terrain.obj
d:\teamproject\framework\client\default\release\stage.obj
d:\teamproject\framework\client\default\release\spherecollider.obj
d:\teamproject\framework\client\default\release\quaterviewcamera.obj
d:\teamproject\framework\client\default\release\player.obj
d:\teamproject\framework\client\default\release\mouse.obj
d:\teamproject\framework\client\default\release\meteorstrike.obj
d:\teamproject\framework\client\default\release\meteor.obj
d:\teamproject\framework\client\default\release\mainapp.obj
d:\teamproject\framework\client\default\release\logo.obj
d:\teamproject\framework\client\default\release\loadingscene.obj
d:\teamproject\framework\client\default\release\loading.obj
d:\teamproject\framework\client\default\release\linecollider.obj
d:\teamproject\framework\client\default\release\laideffect.obj
d:\teamproject\framework\client\default\release\inven.obj
d:\teamproject\framework\client\default\release\guidedfiregen.obj
d:\teamproject\framework\client\default\release\guidedfireball.obj
d:\teamproject\framework\client\default\release\guidedfire.obj
d:\teamproject\framework\client\default\release\client.obj
d:\teamproject\framework\client\default\release\windslash.obj
d:\teamproject\framework\client\default\release\wind.obj
d:\teamproject\framework\client\default\release\wall.obj
d:\teamproject\framework\client\default\release\ui.obj
d:\teamproject\framework\client\default\release\town.obj
d:\teamproject\framework\client\default\release\tile.obj
d:\teamproject\framework\client\default\release\thirdviewcamera.obj
d:\teamproject\framework\client\default\release\firestage.obj
d:\teamproject\framework\client\default\release\cardspawn.obj
d:\teamproject\framework\client\default\release\roomblock.obj
d:\teamproject\framework\client\default\release\lightningboss.obj
d:\teamproject\framework\client\bin\client.lib
d:\teamproject\framework\client\bin\client.exp
d:\teamproject\framework\client\bin\client.exe
d:\teamproject\framework\client\bin\client.pdb
d:\teamproject\framework\client\default\release\client.res
d:\teamproject\framework\client\default\../bin/client.exe
d:\teamproject\framework\client\default\release\client.tlog\cl.command.1.tlog
d:\teamproject\framework\client\default\release\client.tlog\cl.read.1.tlog
d:\teamproject\framework\client\default\release\client.tlog\cl.write.1.tlog
d:\teamproject\framework\client\default\release\client.tlog\client.write.1u.tlog
d:\teamproject\framework\client\default\release\client.tlog\link.command.1.tlog
d:\teamproject\framework\client\default\release\client.tlog\link.read.1.tlog
d:\teamproject\framework\client\default\release\client.tlog\link.write.1.tlog
d:\teamproject\framework\client\default\release\client.tlog\rc.command.1.tlog
d:\teamproject\framework\client\default\release\client.tlog\rc.read.1.tlog
d:\teamproject\framework\client\default\release\client.tlog\rc.write.1.tlog
