  Camera.cpp
  CameraMgr.cpp
  Collider.cpp
  CollisionMgr.cpp
  Component.cpp
  Effect.cpp
  GameObject.cpp
  Layer.cpp
  Management.cpp
  MoveObject.cpp
  MyMath.cpp
..\Code\MyMath.cpp(283): warning C4244: '=': 'LONG'에서 'FLOAT'(으)로 변환하면서 데이터가 손실될 수 있습니다.
..\Code\MyMath.cpp(284): warning C4244: '=': 'LONG'에서 'FLOAT'(으)로 변환하면서 데이터가 손실될 수 있습니다.
  Renderer.cpp
  Scene.cpp
  Skill.cpp
  Transform.cpp
     ../Bin/Utility.lib 라이브러리 및 ../Bin/Utility.exp 개체를 생성하고 있습니다.
  코드를 생성하고 있습니다.
  All 1576 functions were compiled because no usable IPDB/IOBJ from previous compilation was found.
  코드를 생성했습니다.
  Utility.vcxproj -> C:\Users\NHKim\Desktop\GitClone\TeamProject\Framework\Engine\Utility\Default\../Bin/Utility.dll
  Utility.vcxproj -> ../Bin/Utility.pdb (Full PDB)
  .\Engine\Utility\Code\Camera.h
  .\Engine\Utility\Code\CameraMgr.h
  .\Engine\Utility\Code\Collider.h
  .\Engine\Utility\Code\CollisionMgr.h
  .\Engine\Utility\Code\Component.h
  .\Engine\Utility\Code\Effect.h
  .\Engine\Utility\Code\GameObject.h
  .\Engine\Utility\Code\Layer.h
  .\Engine\Utility\Code\Management.h
  .\Engine\Utility\Code\MoveObject.h
  .\Engine\Utility\Code\MyMath.h
  .\Engine\Utility\Code\Renderer.h
  .\Engine\Utility\Code\Scene.h
  .\Engine\Utility\Code\Skill.h
  .\Engine\Utility\Code\Transform.h
  .\Engine\Utility\Code\UI.h
  .\Engine\Utility\Code\UIImage.h
         17개 파일이 복사되었습니다.
  .\Engine\Utility\Code\*.hpp 
  지정된 파일을 찾을 수 없습니다.
          0개 파일이 복사되었습니다.
          1개 파일이 복사되었습니다.
          1개 파일이 복사되었습니다.
          1개 파일이 복사되었습니다.
  .\Engine\Header\Engine_Defines.h
  .\Engine\Header\Engine_Enum.h
  .\Engine\Header\Engine_Function.h
  .\Engine\Header\Engine_Macro.h
  .\Engine\Header\Engine_Struct.h
  .\Engine\Header\Engine_Typedef.h
  .\Engine\Header\Export_Function.h
  .\Engine\Header\Export_Resources.h
  .\Engine\Header\Export_System.h
  .\Engine\Header\Export_Utility.h
         10개 파일이 복사되었습니다.
  .\Engine\Header\Export_Resources.inl
  .\Engine\Header\Export_System.inl
  .\Engine\Header\Export_Utility.inl
          3개 파일이 복사되었습니다.
