d:\teamproject\framework\engine\utility\default\release\vc140.pdb
d:\teamproject\framework\engine\utility\default\release\transform.obj
d:\teamproject\framework\engine\utility\default\release\skill.obj
d:\teamproject\framework\engine\utility\default\release\scene.obj
d:\teamproject\framework\engine\utility\default\release\renderer.obj
d:\teamproject\framework\engine\utility\default\release\mymath.obj
d:\teamproject\framework\engine\utility\default\release\moveobject.obj
d:\teamproject\framework\engine\utility\default\release\management.obj
d:\teamproject\framework\engine\utility\default\release\layer.obj
d:\teamproject\framework\engine\utility\default\release\gameobject.obj
d:\teamproject\framework\engine\utility\default\release\effect.obj
d:\teamproject\framework\engine\utility\default\release\component.obj
d:\teamproject\framework\engine\utility\default\release\collisionmgr.obj
d:\teamproject\framework\engine\utility\default\release\collider.obj
d:\teamproject\framework\engine\utility\default\release\cameramgr.obj
d:\teamproject\framework\engine\utility\default\release\camera.obj
d:\teamproject\framework\engine\utility\bin\utility.dll
d:\teamproject\framework\engine\utility\bin\utility.ipdb
d:\teamproject\framework\engine\utility\bin\utility.iobj
d:\teamproject\framework\engine\utility\bin\utility.pdb
d:\teamproject\framework\engine\utility\bin\utility.lib
d:\teamproject\framework\engine\utility\bin\utility.exp
d:\teamproject\framework\engine\utility\default\../bin/utility.dll
d:\teamproject\framework\engine\utility\default\release\utility.tlog\cl.command.1.tlog
d:\teamproject\framework\engine\utility\default\release\utility.tlog\cl.read.1.tlog
d:\teamproject\framework\engine\utility\default\release\utility.tlog\cl.write.1.tlog
d:\teamproject\framework\engine\utility\default\release\utility.tlog\link.command.1.tlog
d:\teamproject\framework\engine\utility\default\release\utility.tlog\link.read.1.tlog
d:\teamproject\framework\engine\utility\default\release\utility.tlog\link.write.1.tlog
d:\teamproject\framework\engine\utility\default\release\utility.tlog\utility.write.1u.tlog
