  stdafx.cpp
  Client.cpp
d:\teamproject\framework\reference\header\engine_macro.h(28): warning C4005: 'NULL_CHECK_MSG': macro redefinition
  d:\teamproject\framework\client\header\macro.h(28): note: see previous definition of 'NULL_CHECK_MSG'
d:\teamproject\framework\reference\header\engine_macro.h(41): warning C4005: 'FAILED_CHECK_MSG': macro redefinition
  d:\teamproject\framework\client\header\macro.h(41): note: see previous definition of 'FAILED_CHECK_MSG'
  WindSlash.cpp
d:\teamproject\framework\reference\header\engine_macro.h(28): warning C4005: 'NULL_CHECK_MSG': macro redefinition
  d:\teamproject\framework\client\header\macro.h(28): note: see previous definition of 'NULL_CHECK_MSG'
d:\teamproject\framework\reference\header\engine_macro.h(41): warning C4005: 'FAILED_CHECK_MSG': macro redefinition
  d:\teamproject\framework\client\header\macro.h(41): note: see previous definition of 'FAILED_CHECK_MSG'
d:\teamproject\framework\client\code\windslash.cpp(75): warning C4035: 'CWindSlash::Use_Skill': no return value
  Wind.cpp
d:\teamproject\framework\reference\header\engine_macro.h(28): warning C4005: 'NULL_CHECK_MSG': macro redefinition
  d:\teamproject\framework\client\header\macro.h(28): note: see previous definition of 'NULL_CHECK_MSG'
d:\teamproject\framework\reference\header\engine_macro.h(41): warning C4005: 'FAILED_CHECK_MSG': macro redefinition
  d:\teamproject\framework\client\header\macro.h(41): note: see previous definition of 'FAILED_CHECK_MSG'
  Town.cpp
d:\teamproject\framework\reference\header\engine_macro.h(28): warning C4005: 'NULL_CHECK_MSG': macro redefinition
  d:\teamproject\framework\client\header\macro.h(28): note: see previous definition of 'NULL_CHECK_MSG'
d:\teamproject\framework\reference\header\engine_macro.h(41): warning C4005: 'FAILED_CHECK_MSG': macro redefinition
  d:\teamproject\framework\client\header\macro.h(41): note: see previous definition of 'FAILED_CHECK_MSG'
  ThirdViewCamera.cpp
d:\teamproject\framework\reference\header\engine_macro.h(28): warning C4005: 'NULL_CHECK_MSG': macro redefinition
  d:\teamproject\framework\client\header\macro.h(28): note: see previous definition of 'NULL_CHECK_MSG'
d:\teamproject\framework\reference\header\engine_macro.h(41): warning C4005: 'FAILED_CHECK_MSG': macro redefinition
  d:\teamproject\framework\client\header\macro.h(41): note: see previous definition of 'FAILED_CHECK_MSG'
  TestTerrain.cpp
d:\teamproject\framework\reference\header\engine_macro.h(28): warning C4005: 'NULL_CHECK_MSG': macro redefinition
  d:\teamproject\framework\client\header\macro.h(28): note: see previous definition of 'NULL_CHECK_MSG'
d:\teamproject\framework\reference\header\engine_macro.h(41): warning C4005: 'FAILED_CHECK_MSG': macro redefinition
  d:\teamproject\framework\client\header\macro.h(41): note: see previous definition of 'FAILED_CHECK_MSG'
  TestMonster.cpp
d:\teamproject\framework\reference\header\engine_macro.h(28): warning C4005: 'NULL_CHECK_MSG': macro redefinition
  d:\teamproject\framework\client\header\macro.h(28): note: see previous definition of 'NULL_CHECK_MSG'
d:\teamproject\framework\reference\header\engine_macro.h(41): warning C4005: 'FAILED_CHECK_MSG': macro redefinition
  d:\teamproject\framework\client\header\macro.h(41): note: see previous definition of 'FAILED_CHECK_MSG'
  Stage.cpp
d:\teamproject\framework\reference\header\engine_macro.h(28): warning C4005: 'NULL_CHECK_MSG': macro redefinition
  d:\teamproject\framework\client\header\macro.h(28): note: see previous definition of 'NULL_CHECK_MSG'
d:\teamproject\framework\reference\header\engine_macro.h(41): warning C4005: 'FAILED_CHECK_MSG': macro redefinition
  d:\teamproject\framework\client\header\macro.h(41): note: see previous definition of 'FAILED_CHECK_MSG'
  QuaterViewCamera.cpp
d:\teamproject\framework\reference\header\engine_macro.h(28): warning C4005: 'NULL_CHECK_MSG': macro redefinition
  d:\teamproject\framework\client\header\macro.h(28): note: see previous definition of 'NULL_CHECK_MSG'
d:\teamproject\framework\reference\header\engine_macro.h(41): warning C4005: 'FAILED_CHECK_MSG': macro redefinition
  d:\teamproject\framework\client\header\macro.h(41): note: see previous definition of 'FAILED_CHECK_MSG'
  PlayerHP.cpp
d:\teamproject\framework\reference\header\engine_macro.h(28): warning C4005: 'NULL_CHECK_MSG': macro redefinition
  d:\teamproject\framework\client\header\macro.h(28): note: see previous definition of 'NULL_CHECK_MSG'
d:\teamproject\framework\reference\header\engine_macro.h(41): warning C4005: 'FAILED_CHECK_MSG': macro redefinition
  d:\teamproject\framework\client\header\macro.h(41): note: see previous definition of 'FAILED_CHECK_MSG'
  Player.cpp
d:\teamproject\framework\reference\header\engine_macro.h(28): warning C4005: 'NULL_CHECK_MSG': macro redefinition
  d:\teamproject\framework\client\header\macro.h(28): note: see previous definition of 'NULL_CHECK_MSG'
d:\teamproject\framework\reference\header\engine_macro.h(41): warning C4005: 'FAILED_CHECK_MSG': macro redefinition
  d:\teamproject\framework\client\header\macro.h(41): note: see previous definition of 'FAILED_CHECK_MSG'
  Mouse.cpp
d:\teamproject\framework\reference\header\engine_macro.h(28): warning C4005: 'NULL_CHECK_MSG': macro redefinition
  d:\teamproject\framework\client\header\macro.h(28): note: see previous definition of 'NULL_CHECK_MSG'
d:\teamproject\framework\reference\header\engine_macro.h(41): warning C4005: 'FAILED_CHECK_MSG': macro redefinition
  d:\teamproject\framework\client\header\macro.h(41): note: see previous definition of 'FAILED_CHECK_MSG'
  MainApp.cpp
d:\teamproject\framework\reference\header\engine_macro.h(28): warning C4005: 'NULL_CHECK_MSG': macro redefinition
  d:\teamproject\framework\client\header\macro.h(28): note: see previous definition of 'NULL_CHECK_MSG'
d:\teamproject\framework\reference\header\engine_macro.h(41): warning C4005: 'FAILED_CHECK_MSG': macro redefinition
  d:\teamproject\framework\client\header\macro.h(41): note: see previous definition of 'FAILED_CHECK_MSG'
  Logo.cpp
d:\teamproject\framework\reference\header\engine_macro.h(28): warning C4005: 'NULL_CHECK_MSG': macro redefinition
  d:\teamproject\framework\client\header\macro.h(28): note: see previous definition of 'NULL_CHECK_MSG'
d:\teamproject\framework\reference\header\engine_macro.h(41): warning C4005: 'FAILED_CHECK_MSG': macro redefinition
  d:\teamproject\framework\client\header\macro.h(41): note: see previous definition of 'FAILED_CHECK_MSG'
  LoadingScene.cpp
d:\teamproject\framework\reference\header\engine_macro.h(28): warning C4005: 'NULL_CHECK_MSG': macro redefinition
  d:\teamproject\framework\client\header\macro.h(28): note: see previous definition of 'NULL_CHECK_MSG'
d:\teamproject\framework\reference\header\engine_macro.h(41): warning C4005: 'FAILED_CHECK_MSG': macro redefinition
  d:\teamproject\framework\client\header\macro.h(41): note: see previous definition of 'FAILED_CHECK_MSG'
  Loading.cpp
d:\teamproject\framework\reference\header\engine_macro.h(28): warning C4005: 'NULL_CHECK_MSG': macro redefinition
  d:\teamproject\framework\client\header\macro.h(28): note: see previous definition of 'NULL_CHECK_MSG'
d:\teamproject\framework\reference\header\engine_macro.h(41): warning C4005: 'FAILED_CHECK_MSG': macro redefinition
  d:\teamproject\framework\client\header\macro.h(41): note: see previous definition of 'FAILED_CHECK_MSG'
  Inven.cpp
d:\teamproject\framework\reference\header\engine_macro.h(28): warning C4005: 'NULL_CHECK_MSG': macro redefinition
  d:\teamproject\framework\client\header\macro.h(28): note: see previous definition of 'NULL_CHECK_MSG'
d:\teamproject\framework\reference\header\engine_macro.h(41): warning C4005: 'FAILED_CHECK_MSG': macro redefinition
  d:\teamproject\framework\client\header\macro.h(41): note: see previous definition of 'FAILED_CHECK_MSG'
  FirstViewCamera.cpp
d:\teamproject\framework\reference\header\engine_macro.h(28): warning C4005: 'NULL_CHECK_MSG': macro redefinition
  d:\teamproject\framework\client\header\macro.h(28): note: see previous definition of 'NULL_CHECK_MSG'
d:\teamproject\framework\reference\header\engine_macro.h(41): warning C4005: 'FAILED_CHECK_MSG': macro redefinition
  d:\teamproject\framework\client\header\macro.h(41): note: see previous definition of 'FAILED_CHECK_MSG'
  FireBall.cpp
d:\teamproject\framework\reference\header\engine_macro.h(28): warning C4005: 'NULL_CHECK_MSG': macro redefinition
  d:\teamproject\framework\client\header\macro.h(28): note: see previous definition of 'NULL_CHECK_MSG'
d:\teamproject\framework\reference\header\engine_macro.h(41): warning C4005: 'FAILED_CHECK_MSG': macro redefinition
  d:\teamproject\framework\client\header\macro.h(41): note: see previous definition of 'FAILED_CHECK_MSG'
d:\teamproject\framework\client\code\fireball.cpp(70): warning C4035: 'CFireBall::Use_Skill': no return value
  Fire.cpp
d:\teamproject\framework\reference\header\engine_macro.h(28): warning C4005: 'NULL_CHECK_MSG': macro redefinition
  d:\teamproject\framework\client\header\macro.h(28): note: see previous definition of 'NULL_CHECK_MSG'
d:\teamproject\framework\reference\header\engine_macro.h(41): warning C4005: 'FAILED_CHECK_MSG': macro redefinition
  d:\teamproject\framework\client\header\macro.h(41): note: see previous definition of 'FAILED_CHECK_MSG'
  Generating Code...
d:\teamproject\framework\client\code\fireball.cpp(71): warning C4715: 'CFireBall::Use_Skill': not all control paths return a value
d:\teamproject\framework\client\code\windslash.cpp(76): warning C4715: 'CWindSlash::Use_Skill': not all control paths return a value
  Compiling...
  CollisionFunctions.cpp
d:\teamproject\framework\reference\header\engine_macro.h(28): warning C4005: 'NULL_CHECK_MSG': macro redefinition
  d:\teamproject\framework\client\header\macro.h(28): note: see previous definition of 'NULL_CHECK_MSG'
d:\teamproject\framework\reference\header\engine_macro.h(41): warning C4005: 'FAILED_CHECK_MSG': macro redefinition
  d:\teamproject\framework\client\header\macro.h(41): note: see previous definition of 'FAILED_CHECK_MSG'
  CastingCircle.cpp
d:\teamproject\framework\reference\header\engine_macro.h(28): warning C4005: 'NULL_CHECK_MSG': macro redefinition
  d:\teamproject\framework\client\header\macro.h(28): note: see previous definition of 'NULL_CHECK_MSG'
d:\teamproject\framework\reference\header\engine_macro.h(41): warning C4005: 'FAILED_CHECK_MSG': macro redefinition
  d:\teamproject\framework\client\header\macro.h(41): note: see previous definition of 'FAILED_CHECK_MSG'
  BackGround.cpp
d:\teamproject\framework\reference\header\engine_macro.h(28): warning C4005: 'NULL_CHECK_MSG': macro redefinition
  d:\teamproject\framework\client\header\macro.h(28): note: see previous definition of 'NULL_CHECK_MSG'
d:\teamproject\framework\reference\header\engine_macro.h(41): warning C4005: 'FAILED_CHECK_MSG': macro redefinition
  d:\teamproject\framework\client\header\macro.h(41): note: see previous definition of 'FAILED_CHECK_MSG'
  UIImage.cpp
d:\teamproject\framework\reference\header\engine_macro.h(28): warning C4005: 'NULL_CHECK_MSG': macro redefinition
  d:\teamproject\framework\client\header\macro.h(28): note: see previous definition of 'NULL_CHECK_MSG'
d:\teamproject\framework\reference\header\engine_macro.h(41): warning C4005: 'FAILED_CHECK_MSG': macro redefinition
  d:\teamproject\framework\client\header\macro.h(41): note: see previous definition of 'FAILED_CHECK_MSG'
  Generating Code...
  LINK : ../Bin/Client_DBG.exe not found or not built by the last incremental link; performing full link
     Creating library ../Bin/Client_DBG.lib and object ../Bin/Client_DBG.exp
  Client.vcxproj -> D:\TeamProject\Framework\Client\Default\../Bin/Client_DBG.exe
  Client.vcxproj -> ../Bin/Client_DBG.pdb (Full PDB)
