d:\direct3d project\framework\client\default\debug\client_dbg.pch
d:\direct3d project\framework\client\default\debug\vc140.pdb
d:\direct3d project\framework\client\default\debug\vc140.idb
d:\direct3d project\framework\client\default\debug\stdafx.obj
d:\direct3d project\framework\client\default\debug\mainapp.obj
d:\direct3d project\framework\client\default\debug\client.obj
d:\direct3d project\framework\client\bin\client_dbg.ilk
d:\direct3d project\framework\client\bin\client_dbg.exe
d:\direct3d project\framework\client\bin\client_dbg.pdb
d:\direct3d project\framework\client\default\debug\client.res
d:\direct3d project\framework\client\default\../bin/client_dbg.exe
d:\direct3d project\framework\client\default\debug\client.tlog\cl.command.1.tlog
d:\direct3d project\framework\client\default\debug\client.tlog\cl.read.1.tlog
d:\direct3d project\framework\client\default\debug\client.tlog\cl.write.1.tlog
d:\direct3d project\framework\client\default\debug\client.tlog\link.command.1.tlog
d:\direct3d project\framework\client\default\debug\client.tlog\link.read.1.tlog
d:\direct3d project\framework\client\default\debug\client.tlog\link.write.1.tlog
d:\direct3d project\framework\client\default\debug\client.tlog\rc.command.1.tlog
d:\direct3d project\framework\client\default\debug\client.tlog\rc.read.1.tlog
d:\direct3d project\framework\client\default\debug\client.tlog\rc.write.1.tlog
